# JRE version: OpenJDK Runtime Environment (Zulu 8.52.0.23-CA-win64) (8.0_282-b08) (build 1.8.0_282-b08)
# Java VM: OpenJDK 64-Bit Server VM (25.282-b08 mixed mode windows-amd64 compressed oops)
Heap:
 PSYoungGen      total 170496K, used 104041K [0x00000000d5580000, 0x00000000e0900000, 0x0000000100000000)
  eden space 162304K, 59% used [0x00000000d5580000,0x00000000db31bc60,0x00000000df400000)
  from space 8192K, 99% used [0x00000000e0100000,0x00000000e08fe970,0x00000000e0900000)
  to   space 10240K, 0% used [0x00000000df500000,0x00000000df500000,0x00000000dff00000)
 ParOldGen       total 58880K, used 12179K [0x0000000080000000, 0x0000000083980000, 0x00000000d5580000)
  object space 58880K, 20% used [0x0000000080000000,0x0000000080be4df8,0x0000000083980000)
 Metaspace       used 27779K, capacity 28262K, committed 28544K, reserved 1075200K
  class space    used 3196K, capacity 3374K, committed 3456K, reserved 1048576K
GC Heap History (10 events):
Event: 2.336 GC heap before
{Heap before GC invocations=7 (full 0):
 PSYoungGen      total 70144K, used 70127K [0x00000000d5580000, 0x00000000da480000, 0x0000000100000000)
  eden space 64000K, 100% used [0x00000000d5580000,0x00000000d9400000,0x00000000d9400000)
  from space 6144K, 99% used [0x00000000d9b80000,0x00000000da17bcf0,0x00000000da180000)
  to   space 7680K, 0% used [0x00000000d9400000,0x00000000d9400000,0x00000000d9b80000)
 ParOldGen       total 86016K, used 2437K [0x0000000080000000, 0x0000000085400000, 0x00000000d5580000)
  object space 86016K, 2% used [0x0000000080000000,0x00000000802616f8,0x0000000085400000)
 Metaspace       used 19970K, capacity 20216K, committed 20608K, reserved 1067008K
  class space    used 2215K, capacity 2312K, committed 2432K, reserved 1048576K
Event: 2.344 GC heap after
Heap after GC invocations=7 (full 0):
 PSYoungGen      total 71680K, used 6452K [0x00000000d5580000, 0x00000000de280000, 0x0000000100000000)
  eden space 64000K, 0% used [0x00000000d5580000,0x00000000d5580000,0x00000000d9400000)
  from space 7680K, 84% used [0x00000000d9400000,0x00000000d9a4d190,0x00000000d9b80000)
  to   space 8192K, 0% used [0x00000000dda80000,0x00000000dda80000,0x00000000de280000)
 ParOldGen       total 86016K, used 5851K [0x0000000080000000, 0x0000000085400000, 0x00000000d5580000)
  object space 86016K, 6% used [0x0000000080000000,0x00000000805b6c78,0x0000000085400000)
 Metaspace       used 19970K, capacity 20216K, committed 20608K, reserved 1067008K
  class space    used 2215K, capacity 2312K, committed 2432K, reserved 1048576K
}
Event: 2.460 GC heap before
{Heap before GC invocations=8 (full 0):
 PSYoungGen      total 71680K, used 28132K [0x00000000d5580000, 0x00000000de280000, 0x0000000100000000)
  eden space 64000K, 33% used [0x00000000d5580000,0x00000000d6aabf00,0x00000000d9400000)
  from space 7680K, 84% used [0x00000000d9400000,0x00000000d9a4d190,0x00000000d9b80000)
  to   space 8192K, 0% used [0x00000000dda80000,0x00000000dda80000,0x00000000de280000)
 ParOldGen       total 86016K, used 5851K [0x0000000080000000, 0x0000000085400000, 0x00000000d5580000)
  object space 86016K, 6% used [0x0000000080000000,0x00000000805b6c78,0x0000000085400000)
 Metaspace       used 20784K, capacity 21072K, committed 21296K, reserved 1069056K
  class space    used 2314K, capacity 2425K, committed 2432K, reserved 1048576K
Event: 2.464 GC heap after
Heap after GC invocations=8 (full 0):
 PSYoungGen      total 136192K, used 4470K [0x00000000d5580000, 0x00000000de280000, 0x0000000100000000)
  eden space 128000K, 0% used [0x00000000d5580000,0x00000000d5580000,0x00000000dd280000)
  from space 8192K, 54% used [0x00000000dda80000,0x00000000ddeddb00,0x00000000de280000)
  to   space 8192K, 0% used [0x00000000dd280000,0x00000000dd280000,0x00000000dda80000)
 ParOldGen       total 86016K, used 6443K [0x0000000080000000, 0x0000000085400000, 0x00000000d5580000)
  object space 86016K, 7% used [0x0000000080000000,0x000000008064ad68,0x0000000085400000)
 Metaspace       used 20784K, capacity 21072K, committed 21296K, reserved 1069056K
  class space    used 2314K, capacity 2425K, committed 2432K, reserved 1048576K
}
Event: 2.464 GC heap before
{Heap before GC invocations=9 (full 1):
 PSYoungGen      total 136192K, used 4470K [0x00000000d5580000, 0x00000000de280000, 0x0000000100000000)
  eden space 128000K, 0% used [0x00000000d5580000,0x00000000d5580000,0x00000000dd280000)
  from space 8192K, 54% used [0x00000000dda80000,0x00000000ddeddb00,0x00000000de280000)
  to   space 8192K, 0% used [0x00000000dd280000,0x00000000dd280000,0x00000000dda80000)
 ParOldGen       total 86016K, used 6443K [0x0000000080000000, 0x0000000085400000, 0x00000000d5580000)
  object space 86016K, 7% used [0x0000000080000000,0x000000008064ad68,0x0000000085400000)
 Metaspace       used 20784K, capacity 21072K, committed 21296K, reserved 1069056K
  class space    used 2314K, capacity 2425K, committed 2432K, reserved 1048576K
Event: 2.501 GC heap after
Heap after GC invocations=9 (full 1):
 PSYoungGen      total 136192K, used 0K [0x00000000d5580000, 0x00000000de280000, 0x0000000100000000)
  eden space 128000K, 0% used [0x00000000d5580000,0x00000000d5580000,0x00000000dd280000)
  from space 8192K, 0% used [0x00000000dda80000,0x00000000dda80000,0x00000000de280000)
  to   space 8192K, 0% used [0x00000000dd280000,0x00000000dd280000,0x00000000dda80000)
 ParOldGen       total 58880K, used 8656K [0x0000000080000000, 0x0000000083980000, 0x00000000d5580000)
  object space 58880K, 14% used [0x0000000080000000,0x0000000080874328,0x0000000083980000)
 Metaspace       used 20784K, capacity 21072K, committed 21296K, reserved 1069056K
  class space    used 2314K, capacity 2425K, committed 2432K, reserved 1048576K
}
Event: 3.169 GC heap before
{Heap before GC invocations=10 (full 1):
 PSYoungGen      total 136192K, used 128000K [0x00000000d5580000, 0x00000000de280000, 0x0000000100000000)
  eden space 128000K, 100% used [0x00000000d5580000,0x00000000dd280000,0x00000000dd280000)
  from space 8192K, 0% used [0x00000000dda80000,0x00000000dda80000,0x00000000de280000)
  to   space 8192K, 0% used [0x00000000dd280000,0x00000000dd280000,0x00000000dda80000)
 ParOldGen       total 58880K, used 8656K [0x0000000080000000, 0x0000000083980000, 0x00000000d5580000)
  object space 58880K, 14% used [0x0000000080000000,0x0000000080874328,0x0000000083980000)
 Metaspace       used 22364K, capacity 22714K, committed 23088K, reserved 1069056K
  class space    used 2459K, capacity 2581K, committed 2688K, reserved 1048576K
Event: 3.174 GC heap after
Heap after GC invocations=10 (full 1):
 PSYoungGen      total 136192K, used 3395K [0x00000000d5580000, 0x00000000e0900000, 0x0000000100000000)
  eden space 128000K, 0% used [0x00000000d5580000,0x00000000d5580000,0x00000000dd280000)
  from space 8192K, 41% used [0x00000000dd280000,0x00000000dd5d0f90,0x00000000dda80000)
  to   space 8192K, 0% used [0x00000000e0100000,0x00000000e0100000,0x00000000e0900000)
 ParOldGen       total 58880K, used 8664K [0x0000000080000000, 0x0000000083980000, 0x00000000d5580000)
  object space 58880K, 14% used [0x0000000080000000,0x0000000080876328,0x0000000083980000)
 Metaspace       used 22364K, capacity 22714K, committed 23088K, reserved 1069056K
  class space    used 2459K, capacity 2581K, committed 2688K, reserved 1048576K
}
Event: 25.291 GC heap before
{Heap before GC invocations=11 (full 1):
 PSYoungGen      total 136192K, used 131395K [0x00000000d5580000, 0x00000000e0900000, 0x0000000100000000)
  eden space 128000K, 100% used [0x00000000d5580000,0x00000000dd280000,0x00000000dd280000)
  from space 8192K, 41% used [0x00000000dd280000,0x00000000dd5d0f90,0x00000000dda80000)
  to   space 8192K, 0% used [0x00000000e0100000,0x00000000e0100000,0x00000000e0900000)
 ParOldGen       total 58880K, used 8664K [0x0000000080000000, 0x0000000083980000, 0x00000000d5580000)
  object space 58880K, 14% used [0x0000000080000000,0x0000000080876328,0x0000000083980000)
 Metaspace       used 27432K, capacity 27870K, committed 28032K, reserved 1073152K
  class space    used 3149K, capacity 3329K, committed 3456K, reserved 1048576K
Event: 25.307 GC heap after
Heap after GC invocations=11 (full 1):
 PSYoungGen      total 170496K, used 8186K [0x00000000d5580000, 0x00000000e0900000, 0x0000000100000000)
  eden space 162304K, 0% used [0x00000000d5580000,0x00000000d5580000,0x00000000df400000)
  from space 8192K, 99% used [0x00000000e0100000,0x00000000e08fe970,0x00000000e0900000)
  to   space 10240K, 0% used [0x00000000df500000,0x00000000df500000,0x00000000dff00000)
 ParOldGen       total 58880K, used 12179K [0x0000000080000000, 0x0000000083980000, 0x00000000d5580000)
  object space 58880K, 20% used [0x0000000080000000,0x0000000080be4df8,0x0000000083980000)
 Metaspace       used 27432K, capacity 27870K, committed 28032K, reserved 1073152K
  class space    used 3149K, capacity 3329K, committed 3456K, reserved 1048576K
}

