# JRE version: OpenJDK Runtime Environment (Zulu 8.52.0.23-CA-win64) (8.0_282-b08) (build 1.8.0_282-b08)
# Java VM: OpenJDK 64-Bit Server VM (25.282-b08 mixed mode windows-amd64 compressed oops)
Heap:
 PSYoungGen      total 229376K, used 21142K [0x00000000d5580000, 0x00000000e5f80000, 0x0000000100000000)
  eden space 225792K, 7% used [0x00000000d5580000,0x00000000d66e8ba8,0x00000000e3200000)
  from space 3584K, 92% used [0x00000000e5c00000,0x00000000e5f3cf80,0x00000000e5f80000)
  to   space 9728K, 0% used [0x00000000e4c80000,0x00000000e4c80000,0x00000000e5600000)
 ParOldGen       total 52736K, used 8721K [0x0000000080000000, 0x0000000083380000, 0x00000000d5580000)
  object space 52736K, 16% used [0x0000000080000000,0x00000000808844a0,0x0000000083380000)
 Metaspace       used 22488K, capacity 22842K, committed 23088K, reserved 1069056K
  class space    used 2463K, capacity 2581K, committed 2688K, reserved 1048576K
GC Heap History (10 events):
Event: 8.047 GC heap before
{Heap before GC invocations=5 (full 0):
 PSYoungGen      total 70656K, used 69845K [0x00000000d5580000, 0x00000000d9f80000, 0x0000000100000000)
  eden space 65536K, 100% used [0x00000000d5580000,0x00000000d9580000,0x00000000d9580000)
  from space 5120K, 84% used [0x00000000d9a80000,0x00000000d9eb5470,0x00000000d9f80000)
  to   space 5120K, 0% used [0x00000000d9580000,0x00000000d9580000,0x00000000d9a80000)
 ParOldGen       total 86016K, used 24K [0x0000000080000000, 0x0000000085400000, 0x00000000d5580000)
  object space 86016K, 0% used [0x0000000080000000,0x0000000080006000,0x0000000085400000)
 Metaspace       used 16388K, capacity 16646K, committed 17024K, reserved 1064960K
  class space    used 1720K, capacity 1846K, committed 1920K, reserved 1048576K
Event: 8.064 GC heap after
Heap after GC invocations=5 (full 0):
 PSYoungGen      total 70656K, used 5111K [0x00000000d5580000, 0x00000000de580000, 0x0000000100000000)
  eden space 65536K, 0% used [0x00000000d5580000,0x00000000d5580000,0x00000000d9580000)
  from space 5120K, 99% used [0x00000000d9580000,0x00000000d9a7dc60,0x00000000d9a80000)
  to   space 8192K, 0% used [0x00000000ddd80000,0x00000000ddd80000,0x00000000de580000)
 ParOldGen       total 86016K, used 3623K [0x0000000080000000, 0x0000000085400000, 0x00000000d5580000)
  object space 86016K, 4% used [0x0000000080000000,0x0000000080389d78,0x0000000085400000)
 Metaspace       used 16388K, capacity 16646K, committed 17024K, reserved 1064960K
  class space    used 1720K, capacity 1846K, committed 1920K, reserved 1048576K
}
Event: 9.732 GC heap before
{Heap before GC invocations=6 (full 0):
 PSYoungGen      total 70656K, used 70647K [0x00000000d5580000, 0x00000000de580000, 0x0000000100000000)
  eden space 65536K, 100% used [0x00000000d5580000,0x00000000d9580000,0x00000000d9580000)
  from space 5120K, 99% used [0x00000000d9580000,0x00000000d9a7dc60,0x00000000d9a80000)
  to   space 8192K, 0% used [0x00000000ddd80000,0x00000000ddd80000,0x00000000de580000)
 ParOldGen       total 86016K, used 3623K [0x0000000080000000, 0x0000000085400000, 0x00000000d5580000)
  object space 86016K, 4% used [0x0000000080000000,0x0000000080389d78,0x0000000085400000)
 Metaspace       used 20053K, capacity 20382K, committed 20608K, reserved 1067008K
  class space    used 2216K, capacity 2346K, committed 2432K, reserved 1048576K
Event: 9.758 GC heap after
Heap after GC invocations=6 (full 0):
 PSYoungGen      total 137728K, used 8175K [0x00000000d5580000, 0x00000000de880000, 0x0000000100000000)
  eden space 129536K, 0% used [0x00000000d5580000,0x00000000d5580000,0x00000000dd400000)
  from space 8192K, 99% used [0x00000000ddd80000,0x00000000de57bea0,0x00000000de580000)
  to   space 9728K, 0% used [0x00000000dd400000,0x00000000dd400000,0x00000000ddd80000)
 ParOldGen       total 86016K, used 4336K [0x0000000080000000, 0x0000000085400000, 0x00000000d5580000)
  object space 86016K, 5% used [0x0000000080000000,0x000000008043c350,0x0000000085400000)
 Metaspace       used 20053K, capacity 20382K, committed 20608K, reserved 1067008K
  class space    used 2216K, capacity 2346K, committed 2432K, reserved 1048576K
}
Event: 10.010 GC heap before
{Heap before GC invocations=7 (full 0):
 PSYoungGen      total 137728K, used 28730K [0x00000000d5580000, 0x00000000de880000, 0x0000000100000000)
  eden space 129536K, 15% used [0x00000000d5580000,0x00000000d6992c70,0x00000000dd400000)
  from space 8192K, 99% used [0x00000000ddd80000,0x00000000de57bea0,0x00000000de580000)
  to   space 9728K, 0% used [0x00000000dd400000,0x00000000dd400000,0x00000000ddd80000)
 ParOldGen       total 86016K, used 4336K [0x0000000080000000, 0x0000000085400000, 0x00000000d5580000)
  object space 86016K, 5% used [0x0000000080000000,0x000000008043c350,0x0000000085400000)
 Metaspace       used 20879K, capacity 21136K, committed 21296K, reserved 1069056K
  class space    used 2313K, capacity 2425K, committed 2432K, reserved 1048576K
Event: 10.020 GC heap after
Heap after GC invocations=7 (full 0):
 PSYoungGen      total 139264K, used 4040K [0x00000000d5580000, 0x00000000e6580000, 0x0000000100000000)
  eden space 129536K, 0% used [0x00000000d5580000,0x00000000d5580000,0x00000000dd400000)
  from space 9728K, 41% used [0x00000000dd400000,0x00000000dd7f2068,0x00000000ddd80000)
  to   space 9728K, 0% used [0x00000000e5c00000,0x00000000e5c00000,0x00000000e6580000)
 ParOldGen       total 86016K, used 7594K [0x0000000080000000, 0x0000000085400000, 0x00000000d5580000)
  object space 86016K, 8% used [0x0000000080000000,0x000000008076a9b8,0x0000000085400000)
 Metaspace       used 20879K, capacity 21136K, committed 21296K, reserved 1069056K
  class space    used 2313K, capacity 2425K, committed 2432K, reserved 1048576K
}
Event: 10.020 GC heap before
{Heap before GC invocations=8 (full 1):
 PSYoungGen      total 139264K, used 4040K [0x00000000d5580000, 0x00000000e6580000, 0x0000000100000000)
  eden space 129536K, 0% used [0x00000000d5580000,0x00000000d5580000,0x00000000dd400000)
  from space 9728K, 41% used [0x00000000dd400000,0x00000000dd7f2068,0x00000000ddd80000)
  to   space 9728K, 0% used [0x00000000e5c00000,0x00000000e5c00000,0x00000000e6580000)
 ParOldGen       total 86016K, used 7594K [0x0000000080000000, 0x0000000085400000, 0x00000000d5580000)
  object space 86016K, 8% used [0x0000000080000000,0x000000008076a9b8,0x0000000085400000)
 Metaspace       used 20879K, capacity 21136K, committed 21296K, reserved 1069056K
  class space    used 2313K, capacity 2425K, committed 2432K, reserved 1048576K
Event: 10.078 GC heap after
Heap after GC invocations=8 (full 1):
 PSYoungGen      total 139264K, used 0K [0x00000000d5580000, 0x00000000e6580000, 0x0000000100000000)
  eden space 129536K, 0% used [0x00000000d5580000,0x00000000d5580000,0x00000000dd400000)
  from space 9728K, 0% used [0x00000000dd400000,0x00000000dd400000,0x00000000ddd80000)
  to   space 9728K, 0% used [0x00000000e5c00000,0x00000000e5c00000,0x00000000e6580000)
 ParOldGen       total 52736K, used 8713K [0x0000000080000000, 0x0000000083380000, 0x00000000d5580000)
  object space 52736K, 16% used [0x0000000080000000,0x00000000808824a0,0x0000000083380000)
 Metaspace       used 20879K, capacity 21136K, committed 21296K, reserved 1069056K
  class space    used 2313K, capacity 2425K, committed 2432K, reserved 1048576K
}
Event: 12.549 GC heap before
{Heap before GC invocations=9 (full 1):
 PSYoungGen      total 139264K, used 129536K [0x00000000d5580000, 0x00000000e6580000, 0x0000000100000000)
  eden space 129536K, 100% used [0x00000000d5580000,0x00000000dd400000,0x00000000dd400000)
  from space 9728K, 0% used [0x00000000dd400000,0x00000000dd400000,0x00000000ddd80000)
  to   space 9728K, 0% used [0x00000000e5c00000,0x00000000e5c00000,0x00000000e6580000)
 ParOldGen       total 52736K, used 8713K [0x0000000080000000, 0x0000000083380000, 0x00000000d5580000)
  object space 52736K, 16% used [0x0000000080000000,0x00000000808824a0,0x0000000083380000)
 Metaspace       used 22421K, capacity 22778K, committed 23088K, reserved 1069056K
  class space    used 2456K, capacity 2581K, committed 2688K, reserved 1048576K
Event: 12.564 GC heap after
Heap after GC invocations=9 (full 1):
 PSYoungGen      total 229376K, used 3315K [0x00000000d5580000, 0x00000000e5f80000, 0x0000000100000000)
  eden space 225792K, 0% used [0x00000000d5580000,0x00000000d5580000,0x00000000e3200000)
  from space 3584K, 92% used [0x00000000e5c00000,0x00000000e5f3cf80,0x00000000e5f80000)
  to   space 9728K, 0% used [0x00000000e4c80000,0x00000000e4c80000,0x00000000e5600000)
 ParOldGen       total 52736K, used 8721K [0x0000000080000000, 0x0000000083380000, 0x00000000d5580000)
  object space 52736K, 16% used [0x0000000080000000,0x00000000808844a0,0x0000000083380000)
 Metaspace       used 22421K, capacity 22778K, committed 23088K, reserved 1069056K
  class space    used 2456K, capacity 2581K, committed 2688K, reserved 1048576K
}

