# JRE version: OpenJDK Runtime Environment (Zulu 8.52.0.23-CA-win64) (8.0_282-b08) (build 1.8.0_282-b08)
# Java VM: OpenJDK 64-Bit Server VM (25.282-b08 mixed mode windows-amd64 compressed oops)
Heap:
 PSYoungGen      total 137728K, used 72565K [0x00000000d5580000, 0x00000000e4080000, 0x0000000100000000)
  eden space 129536K, 53% used [0x00000000d5580000,0x00000000d990f648,0x00000000dd400000)
  from space 8192K, 41% used [0x00000000ddd80000,0x00000000de0ce0e0,0x00000000de580000)
  to   space 9728K, 0% used [0x00000000dd400000,0x00000000dd400000,0x00000000ddd80000)
 ParOldGen       total 53248K, used 8707K [0x0000000080000000, 0x0000000083400000, 0x00000000d5580000)
  object space 53248K, 16% used [0x0000000080000000,0x0000000080880e60,0x0000000083400000)
 Metaspace       used 24053K, capacity 24412K, committed 24704K, reserved 1071104K
  class space    used 2735K, capacity 2846K, committed 2944K, reserved 1048576K
GC Heap History (10 events):
Event: 2.623 GC heap before
{Heap before GC invocations=5 (full 0):
 PSYoungGen      total 70656K, used 69857K [0x00000000d5580000, 0x00000000d9f80000, 0x0000000100000000)
  eden space 65536K, 100% used [0x00000000d5580000,0x00000000d9580000,0x00000000d9580000)
  from space 5120K, 84% used [0x00000000d9a80000,0x00000000d9eb8440,0x00000000d9f80000)
  to   space 5120K, 0% used [0x00000000d9580000,0x00000000d9580000,0x00000000d9a80000)
 ParOldGen       total 86016K, used 40K [0x0000000080000000, 0x0000000085400000, 0x00000000d5580000)
  object space 86016K, 0% used [0x0000000080000000,0x000000008000a000,0x0000000085400000)
 Metaspace       used 16366K, capacity 16646K, committed 17024K, reserved 1064960K
  class space    used 1721K, capacity 1846K, committed 1920K, reserved 1048576K
Event: 2.632 GC heap after
Heap after GC invocations=5 (full 0):
 PSYoungGen      total 70656K, used 5095K [0x00000000d5580000, 0x00000000de580000, 0x0000000100000000)
  eden space 65536K, 0% used [0x00000000d5580000,0x00000000d5580000,0x00000000d9580000)
  from space 5120K, 99% used [0x00000000d9580000,0x00000000d9a79c90,0x00000000d9a80000)
  to   space 8192K, 0% used [0x00000000ddd80000,0x00000000ddd80000,0x00000000de580000)
 ParOldGen       total 86016K, used 3673K [0x0000000080000000, 0x0000000085400000, 0x00000000d5580000)
  object space 86016K, 4% used [0x0000000080000000,0x00000000803964a8,0x0000000085400000)
 Metaspace       used 16366K, capacity 16646K, committed 17024K, reserved 1064960K
  class space    used 1721K, capacity 1846K, committed 1920K, reserved 1048576K
}
Event: 3.618 GC heap before
{Heap before GC invocations=6 (full 0):
 PSYoungGen      total 70656K, used 70631K [0x00000000d5580000, 0x00000000de580000, 0x0000000100000000)
  eden space 65536K, 100% used [0x00000000d5580000,0x00000000d9580000,0x00000000d9580000)
  from space 5120K, 99% used [0x00000000d9580000,0x00000000d9a79c90,0x00000000d9a80000)
  to   space 8192K, 0% used [0x00000000ddd80000,0x00000000ddd80000,0x00000000de580000)
 ParOldGen       total 86016K, used 3673K [0x0000000080000000, 0x0000000085400000, 0x00000000d5580000)
  object space 86016K, 4% used [0x0000000080000000,0x00000000803964a8,0x0000000085400000)
 Metaspace       used 20010K, capacity 20248K, committed 20608K, reserved 1067008K
  class space    used 2216K, capacity 2344K, committed 2432K, reserved 1048576K
Event: 3.627 GC heap after
Heap after GC invocations=6 (full 0):
 PSYoungGen      total 137728K, used 8177K [0x00000000d5580000, 0x00000000de880000, 0x0000000100000000)
  eden space 129536K, 0% used [0x00000000d5580000,0x00000000d5580000,0x00000000dd400000)
  from space 8192K, 99% used [0x00000000ddd80000,0x00000000de57c410,0x00000000de580000)
  to   space 9728K, 0% used [0x00000000dd400000,0x00000000dd400000,0x00000000ddd80000)
 ParOldGen       total 86016K, used 4281K [0x0000000080000000, 0x0000000085400000, 0x00000000d5580000)
  object space 86016K, 4% used [0x0000000080000000,0x000000008042e4e0,0x0000000085400000)
 Metaspace       used 20010K, capacity 20248K, committed 20608K, reserved 1067008K
  class space    used 2216K, capacity 2344K, committed 2432K, reserved 1048576K
}
Event: 3.741 GC heap before
{Heap before GC invocations=7 (full 0):
 PSYoungGen      total 137728K, used 28960K [0x00000000d5580000, 0x00000000de880000, 0x0000000100000000)
  eden space 129536K, 16% used [0x00000000d5580000,0x00000000d69cbe98,0x00000000dd400000)
  from space 8192K, 99% used [0x00000000ddd80000,0x00000000de57c410,0x00000000de580000)
  to   space 9728K, 0% used [0x00000000dd400000,0x00000000dd400000,0x00000000ddd80000)
 ParOldGen       total 86016K, used 4281K [0x0000000080000000, 0x0000000085400000, 0x00000000d5580000)
  object space 86016K, 4% used [0x0000000080000000,0x000000008042e4e0,0x0000000085400000)
 Metaspace       used 20838K, capacity 21136K, committed 21296K, reserved 1069056K
  class space    used 2315K, capacity 2425K, committed 2432K, reserved 1048576K
Event: 3.747 GC heap after
Heap after GC invocations=7 (full 0):
 PSYoungGen      total 139264K, used 4104K [0x00000000d5580000, 0x00000000de880000, 0x0000000100000000)
  eden space 129536K, 0% used [0x00000000d5580000,0x00000000d5580000,0x00000000dd400000)
  from space 9728K, 42% used [0x00000000dd400000,0x00000000dd802068,0x00000000ddd80000)
  to   space 8192K, 0% used [0x00000000ddd80000,0x00000000ddd80000,0x00000000de580000)
 ParOldGen       total 86016K, used 7456K [0x0000000080000000, 0x0000000085400000, 0x00000000d5580000)
  object space 86016K, 8% used [0x0000000080000000,0x00000000807480f0,0x0000000085400000)
 Metaspace       used 20838K, capacity 21136K, committed 21296K, reserved 1069056K
  class space    used 2315K, capacity 2425K, committed 2432K, reserved 1048576K
}
Event: 3.747 GC heap before
{Heap before GC invocations=8 (full 1):
 PSYoungGen      total 139264K, used 4104K [0x00000000d5580000, 0x00000000de880000, 0x0000000100000000)
  eden space 129536K, 0% used [0x00000000d5580000,0x00000000d5580000,0x00000000dd400000)
  from space 9728K, 42% used [0x00000000dd400000,0x00000000dd802068,0x00000000ddd80000)
  to   space 8192K, 0% used [0x00000000ddd80000,0x00000000ddd80000,0x00000000de580000)
 ParOldGen       total 86016K, used 7456K [0x0000000080000000, 0x0000000085400000, 0x00000000d5580000)
  object space 86016K, 8% used [0x0000000080000000,0x00000000807480f0,0x0000000085400000)
 Metaspace       used 20838K, capacity 21136K, committed 21296K, reserved 1069056K
  class space    used 2315K, capacity 2425K, committed 2432K, reserved 1048576K
Event: 3.775 GC heap after
Heap after GC invocations=8 (full 1):
 PSYoungGen      total 139264K, used 0K [0x00000000d5580000, 0x00000000de880000, 0x0000000100000000)
  eden space 129536K, 0% used [0x00000000d5580000,0x00000000d5580000,0x00000000dd400000)
  from space 9728K, 0% used [0x00000000dd400000,0x00000000dd400000,0x00000000ddd80000)
  to   space 8192K, 0% used [0x00000000ddd80000,0x00000000ddd80000,0x00000000de580000)
 ParOldGen       total 53248K, used 8699K [0x0000000080000000, 0x0000000083400000, 0x00000000d5580000)
  object space 53248K, 16% used [0x0000000080000000,0x000000008087ee60,0x0000000083400000)
 Metaspace       used 20838K, capacity 21136K, committed 21296K, reserved 1069056K
  class space    used 2315K, capacity 2425K, committed 2432K, reserved 1048576K
}
Event: 4.703 GC heap before
{Heap before GC invocations=9 (full 1):
 PSYoungGen      total 139264K, used 129536K [0x00000000d5580000, 0x00000000de880000, 0x0000000100000000)
  eden space 129536K, 100% used [0x00000000d5580000,0x00000000dd400000,0x00000000dd400000)
  from space 9728K, 0% used [0x00000000dd400000,0x00000000dd400000,0x00000000ddd80000)
  to   space 8192K, 0% used [0x00000000ddd80000,0x00000000ddd80000,0x00000000de580000)
 ParOldGen       total 53248K, used 8699K [0x0000000080000000, 0x0000000083400000, 0x00000000d5580000)
  object space 53248K, 16% used [0x0000000080000000,0x000000008087ee60,0x0000000083400000)
 Metaspace       used 22350K, capacity 22650K, committed 22832K, reserved 1069056K
  class space    used 2460K, capacity 2581K, committed 2688K, reserved 1048576K
Event: 4.706 GC heap after
Heap after GC invocations=9 (full 1):
 PSYoungGen      total 137728K, used 3384K [0x00000000d5580000, 0x00000000e4080000, 0x0000000100000000)
  eden space 129536K, 0% used [0x00000000d5580000,0x00000000d5580000,0x00000000dd400000)
  from space 8192K, 41% used [0x00000000ddd80000,0x00000000de0ce0e0,0x00000000de580000)
  to   space 9728K, 0% used [0x00000000dd400000,0x00000000dd400000,0x00000000ddd80000)
 ParOldGen       total 53248K, used 8707K [0x0000000080000000, 0x0000000083400000, 0x00000000d5580000)
  object space 53248K, 16% used [0x0000000080000000,0x0000000080880e60,0x0000000083400000)
 Metaspace       used 22350K, capacity 22650K, committed 22832K, reserved 1069056K
  class space    used 2460K, capacity 2581K, committed 2688K, reserved 1048576K
}

