# JRE version: OpenJDK Runtime Environment (Zulu 8.52.0.23-CA-win64) (8.0_282-b08) (build 1.8.0_282-b08)
# Java VM: OpenJDK 64-Bit Server VM (25.282-b08 mixed mode windows-amd64 compressed oops)
Heap:
 PSYoungGen      total 261632K, used 73327K [0x00000000d5580000, 0x00000000ee380000, 0x0000000100000000)
  eden space 251392K, 25% used [0x00000000d5580000,0x00000000d9320340,0x00000000e4b00000)
  from space 10240K, 99% used [0x00000000e4b00000,0x00000000e54fb9c0,0x00000000e5500000)
  to   space 13824K, 0% used [0x00000000ed600000,0x00000000ed600000,0x00000000ee380000)
 ParOldGen       total 47104K, used 13558K [0x0000000080000000, 0x0000000082e00000, 0x00000000d5580000)
  object space 47104K, 28% used [0x0000000080000000,0x0000000080d3d848,0x0000000082e00000)
 Metaspace       used 31294K, capacity 32300K, committed 32512K, reserved 1077248K
  class space    used 3707K, capacity 4018K, committed 4096K, reserved 1048576K
GC Heap History (10 events):
Event: 4.202 GC heap before
{Heap before GC invocations=6 (full 0):
 PSYoungGen      total 70656K, used 70631K [0x00000000d5580000, 0x00000000de580000, 0x0000000100000000)
  eden space 65536K, 100% used [0x00000000d5580000,0x00000000d9580000,0x00000000d9580000)
  from space 5120K, 99% used [0x00000000d9580000,0x00000000d9a79c70,0x00000000d9a80000)
  to   space 8192K, 0% used [0x00000000ddd80000,0x00000000ddd80000,0x00000000de580000)
 ParOldGen       total 86016K, used 3664K [0x0000000080000000, 0x0000000085400000, 0x00000000d5580000)
  object space 86016K, 4% used [0x0000000080000000,0x0000000080394220,0x0000000085400000)
 Metaspace       used 20745K, capacity 21004K, committed 21296K, reserved 1069056K
  class space    used 2312K, capacity 2422K, committed 2432K, reserved 1048576K
Event: 4.216 GC heap after
Heap after GC invocations=6 (full 0):
 PSYoungGen      total 137728K, used 8167K [0x00000000d5580000, 0x00000000de880000, 0x0000000100000000)
  eden space 129536K, 0% used [0x00000000d5580000,0x00000000d5580000,0x00000000dd400000)
  from space 8192K, 99% used [0x00000000ddd80000,0x00000000de579e58,0x00000000de580000)
  to   space 9728K, 0% used [0x00000000dd400000,0x00000000dd400000,0x00000000ddd80000)
 ParOldGen       total 86016K, used 4582K [0x0000000080000000, 0x0000000085400000, 0x00000000d5580000)
  object space 86016K, 5% used [0x0000000080000000,0x0000000080479860,0x0000000085400000)
 Metaspace       used 20745K, capacity 21004K, committed 21296K, reserved 1069056K
  class space    used 2312K, capacity 2422K, committed 2432K, reserved 1048576K
}
Event: 4.222 GC heap before
{Heap before GC invocations=7 (full 0):
 PSYoungGen      total 137728K, used 10769K [0x00000000d5580000, 0x00000000de880000, 0x0000000100000000)
  eden space 129536K, 2% used [0x00000000d5580000,0x00000000d580a898,0x00000000dd400000)
  from space 8192K, 99% used [0x00000000ddd80000,0x00000000de579e58,0x00000000de580000)
  to   space 9728K, 0% used [0x00000000dd400000,0x00000000dd400000,0x00000000ddd80000)
 ParOldGen       total 86016K, used 4582K [0x0000000080000000, 0x0000000085400000, 0x00000000d5580000)
  object space 86016K, 5% used [0x0000000080000000,0x0000000080479860,0x0000000085400000)
 Metaspace       used 20804K, capacity 21068K, committed 21296K, reserved 1069056K
  class space    used 2313K, capacity 2422K, committed 2432K, reserved 1048576K
Event: 4.237 GC heap after
Heap after GC invocations=7 (full 0):
 PSYoungGen      total 139264K, used 3782K [0x00000000d5580000, 0x00000000e6580000, 0x0000000100000000)
  eden space 129536K, 0% used [0x00000000d5580000,0x00000000d5580000,0x00000000dd400000)
  from space 9728K, 38% used [0x00000000dd400000,0x00000000dd7b1af0,0x00000000ddd80000)
  to   space 9728K, 0% used [0x00000000e5c00000,0x00000000e5c00000,0x00000000e6580000)
 ParOldGen       total 86016K, used 7878K [0x0000000080000000, 0x0000000085400000, 0x00000000d5580000)
  object space 86016K, 9% used [0x0000000080000000,0x00000000807b1818,0x0000000085400000)
 Metaspace       used 20804K, capacity 21068K, committed 21296K, reserved 1069056K
  class space    used 2313K, capacity 2422K, committed 2432K, reserved 1048576K
}
Event: 4.237 GC heap before
{Heap before GC invocations=8 (full 1):
 PSYoungGen      total 139264K, used 3782K [0x00000000d5580000, 0x00000000e6580000, 0x0000000100000000)
  eden space 129536K, 0% used [0x00000000d5580000,0x00000000d5580000,0x00000000dd400000)
  from space 9728K, 38% used [0x00000000dd400000,0x00000000dd7b1af0,0x00000000ddd80000)
  to   space 9728K, 0% used [0x00000000e5c00000,0x00000000e5c00000,0x00000000e6580000)
 ParOldGen       total 86016K, used 7878K [0x0000000080000000, 0x0000000085400000, 0x00000000d5580000)
  object space 86016K, 9% used [0x0000000080000000,0x00000000807b1818,0x0000000085400000)
 Metaspace       used 20804K, capacity 21068K, committed 21296K, reserved 1069056K
  class space    used 2313K, capacity 2422K, committed 2432K, reserved 1048576K
Event: 4.296 GC heap after
Heap after GC invocations=8 (full 1):
 PSYoungGen      total 139264K, used 0K [0x00000000d5580000, 0x00000000e6580000, 0x0000000100000000)
  eden space 129536K, 0% used [0x00000000d5580000,0x00000000d5580000,0x00000000dd400000)
  from space 9728K, 0% used [0x00000000dd400000,0x00000000dd400000,0x00000000ddd80000)
  to   space 9728K, 0% used [0x00000000e5c00000,0x00000000e5c00000,0x00000000e6580000)
 ParOldGen       total 47104K, used 8335K [0x0000000080000000, 0x0000000082e00000, 0x00000000d5580000)
  object space 47104K, 17% used [0x0000000080000000,0x0000000080823ff0,0x0000000082e00000)
 Metaspace       used 20804K, capacity 21068K, committed 21296K, reserved 1069056K
  class space    used 2313K, capacity 2422K, committed 2432K, reserved 1048576K
}
Event: 5.206 GC heap before
{Heap before GC invocations=9 (full 1):
 PSYoungGen      total 139264K, used 129536K [0x00000000d5580000, 0x00000000e6580000, 0x0000000100000000)
  eden space 129536K, 100% used [0x00000000d5580000,0x00000000dd400000,0x00000000dd400000)
  from space 9728K, 0% used [0x00000000dd400000,0x00000000dd400000,0x00000000ddd80000)
  to   space 9728K, 0% used [0x00000000e5c00000,0x00000000e5c00000,0x00000000e6580000)
 ParOldGen       total 47104K, used 8335K [0x0000000080000000, 0x0000000082e00000, 0x00000000d5580000)
  object space 47104K, 17% used [0x0000000080000000,0x0000000080823ff0,0x0000000082e00000)
 Metaspace       used 22134K, capacity 22456K, committed 22704K, reserved 1069056K
  class space    used 2432K, capacity 2541K, committed 2560K, reserved 1048576K
Event: 5.208 GC heap after
Heap after GC invocations=9 (full 1):
 PSYoungGen      total 250880K, used 2784K [0x00000000d5580000, 0x00000000e5f00000, 0x0000000100000000)
  eden space 247808K, 0% used [0x00000000d5580000,0x00000000d5580000,0x00000000e4780000)
  from space 3072K, 90% used [0x00000000e5c00000,0x00000000e5eb83b8,0x00000000e5f00000)
  to   space 10240K, 0% used [0x00000000e4b00000,0x00000000e4b00000,0x00000000e5500000)
 ParOldGen       total 47104K, used 8343K [0x0000000080000000, 0x0000000082e00000, 0x00000000d5580000)
  object space 47104K, 17% used [0x0000000080000000,0x0000000080825ff0,0x0000000082e00000)
 Metaspace       used 22134K, capacity 22456K, committed 22704K, reserved 1069056K
  class space    used 2432K, capacity 2541K, committed 2560K, reserved 1048576K
}
Event: 165.201 GC heap before
{Heap before GC invocations=10 (full 1):
 PSYoungGen      total 250880K, used 250592K [0x00000000d5580000, 0x00000000e5f00000, 0x0000000100000000)
  eden space 247808K, 100% used [0x00000000d5580000,0x00000000e4780000,0x00000000e4780000)
  from space 3072K, 90% used [0x00000000e5c00000,0x00000000e5eb83b8,0x00000000e5f00000)
  to   space 10240K, 0% used [0x00000000e4b00000,0x00000000e4b00000,0x00000000e5500000)
 ParOldGen       total 47104K, used 8343K [0x0000000080000000, 0x0000000082e00000, 0x00000000d5580000)
  object space 47104K, 17% used [0x0000000080000000,0x0000000080825ff0,0x0000000082e00000)
 Metaspace       used 31155K, capacity 32136K, committed 32256K, reserved 1077248K
  class space    used 3704K, capacity 4010K, committed 4096K, reserved 1048576K
Event: 165.214 GC heap after
Heap after GC invocations=10 (full 1):
 PSYoungGen      total 261632K, used 10222K [0x00000000d5580000, 0x00000000ee380000, 0x0000000100000000)
  eden space 251392K, 0% used [0x00000000d5580000,0x00000000d5580000,0x00000000e4b00000)
  from space 10240K, 99% used [0x00000000e4b00000,0x00000000e54fb9c0,0x00000000e5500000)
  to   space 13824K, 0% used [0x00000000ed600000,0x00000000ed600000,0x00000000ee380000)
 ParOldGen       total 47104K, used 13558K [0x0000000080000000, 0x0000000082e00000, 0x00000000d5580000)
  object space 47104K, 28% used [0x0000000080000000,0x0000000080d3d848,0x0000000082e00000)
 Metaspace       used 31155K, capacity 32136K, committed 32256K, reserved 1077248K
  class space    used 3704K, capacity 4010K, committed 4096K, reserved 1048576K
}

