# JRE version: OpenJDK Runtime Environment (Zulu 8.52.0.23-CA-win64) (8.0_282-b08) (build 1.8.0_282-b08)
# Java VM: OpenJDK 64-Bit Server VM (25.282-b08 mixed mode windows-amd64 compressed oops)
Heap:
 PSYoungGen      total 238080K, used 54819K [0x00000000d5580000, 0x00000000e5f00000, 0x0000000100000000)
  eden space 234496K, 21% used [0x00000000d5580000,0x00000000d87cc058,0x00000000e3a80000)
  from space 3584K, 92% used [0x00000000e5b80000,0x00000000e5ebcf80,0x00000000e5f00000)
  to   space 9728K, 0% used [0x00000000e4c00000,0x00000000e4c00000,0x00000000e5580000)
 ParOldGen       total 50688K, used 8720K [0x0000000080000000, 0x0000000083180000, 0x00000000d5580000)
  object space 50688K, 17% used [0x0000000080000000,0x0000000080884030,0x0000000083180000)
 Metaspace       used 23399K, capacity 23734K, committed 24064K, reserved 1071104K
  class space    used 2618K, capacity 2749K, committed 2816K, reserved 1048576K
GC Heap History (10 events):
Event: 5.930 GC heap before
{Heap before GC invocations=5 (full 0):
 PSYoungGen      total 70656K, used 69793K [0x00000000d5580000, 0x00000000d9f80000, 0x0000000100000000)
  eden space 65536K, 100% used [0x00000000d5580000,0x00000000d9580000,0x00000000d9580000)
  from space 5120K, 83% used [0x00000000d9a80000,0x00000000d9ea8480,0x00000000d9f80000)
  to   space 5120K, 0% used [0x00000000d9580000,0x00000000d9580000,0x00000000d9a80000)
 ParOldGen       total 86016K, used 32K [0x0000000080000000, 0x0000000085400000, 0x00000000d5580000)
  object space 86016K, 0% used [0x0000000080000000,0x0000000080008000,0x0000000085400000)
 Metaspace       used 16406K, capacity 16646K, committed 17024K, reserved 1064960K
  class space    used 1721K, capacity 1846K, committed 1920K, reserved 1048576K
Event: 6.038 GC heap after
Heap after GC invocations=5 (full 0):
 PSYoungGen      total 70656K, used 5103K [0x00000000d5580000, 0x00000000de580000, 0x0000000100000000)
  eden space 65536K, 0% used [0x00000000d5580000,0x00000000d5580000,0x00000000d9580000)
  from space 5120K, 99% used [0x00000000d9580000,0x00000000d9a7bd30,0x00000000d9a80000)
  to   space 8192K, 0% used [0x00000000ddd80000,0x00000000ddd80000,0x00000000de580000)
 ParOldGen       total 86016K, used 3624K [0x0000000080000000, 0x0000000085400000, 0x00000000d5580000)
  object space 86016K, 4% used [0x0000000080000000,0x000000008038a218,0x0000000085400000)
 Metaspace       used 16406K, capacity 16646K, committed 17024K, reserved 1064960K
  class space    used 1721K, capacity 1846K, committed 1920K, reserved 1048576K
}
Event: 8.391 GC heap before
{Heap before GC invocations=6 (full 0):
 PSYoungGen      total 70656K, used 70639K [0x00000000d5580000, 0x00000000de580000, 0x0000000100000000)
  eden space 65536K, 100% used [0x00000000d5580000,0x00000000d9580000,0x00000000d9580000)
  from space 5120K, 99% used [0x00000000d9580000,0x00000000d9a7bd30,0x00000000d9a80000)
  to   space 8192K, 0% used [0x00000000ddd80000,0x00000000ddd80000,0x00000000de580000)
 ParOldGen       total 86016K, used 3624K [0x0000000080000000, 0x0000000085400000, 0x00000000d5580000)
  object space 86016K, 4% used [0x0000000080000000,0x000000008038a218,0x0000000085400000)
 Metaspace       used 20055K, capacity 20376K, committed 20608K, reserved 1067008K
  class space    used 2215K, capacity 2344K, committed 2432K, reserved 1048576K
Event: 8.448 GC heap after
Heap after GC invocations=6 (full 0):
 PSYoungGen      total 137728K, used 8162K [0x00000000d5580000, 0x00000000de880000, 0x0000000100000000)
  eden space 129536K, 0% used [0x00000000d5580000,0x00000000d5580000,0x00000000dd400000)
  from space 8192K, 99% used [0x00000000ddd80000,0x00000000de578b48,0x00000000de580000)
  to   space 9728K, 0% used [0x00000000dd400000,0x00000000dd400000,0x00000000ddd80000)
 ParOldGen       total 86016K, used 4170K [0x0000000080000000, 0x0000000085400000, 0x00000000d5580000)
  object space 86016K, 4% used [0x0000000080000000,0x00000000804128a0,0x0000000085400000)
 Metaspace       used 20055K, capacity 20376K, committed 20608K, reserved 1067008K
  class space    used 2215K, capacity 2344K, committed 2432K, reserved 1048576K
}
Event: 8.782 GC heap before
{Heap before GC invocations=7 (full 0):
 PSYoungGen      total 137728K, used 28668K [0x00000000d5580000, 0x00000000de880000, 0x0000000100000000)
  eden space 129536K, 15% used [0x00000000d5580000,0x00000000d69864c8,0x00000000dd400000)
  from space 8192K, 99% used [0x00000000ddd80000,0x00000000de578b48,0x00000000de580000)
  to   space 9728K, 0% used [0x00000000dd400000,0x00000000dd400000,0x00000000ddd80000)
 ParOldGen       total 86016K, used 4170K [0x0000000080000000, 0x0000000085400000, 0x00000000d5580000)
  object space 86016K, 4% used [0x0000000080000000,0x00000000804128a0,0x0000000085400000)
 Metaspace       used 20888K, capacity 21136K, committed 21296K, reserved 1069056K
  class space    used 2315K, capacity 2425K, committed 2432K, reserved 1048576K
Event: 8.792 GC heap after
Heap after GC invocations=7 (full 0):
 PSYoungGen      total 139264K, used 4556K [0x00000000d5580000, 0x00000000e6480000, 0x0000000100000000)
  eden space 129536K, 0% used [0x00000000d5580000,0x00000000d5580000,0x00000000dd400000)
  from space 9728K, 46% used [0x00000000dd400000,0x00000000dd873118,0x00000000ddd80000)
  to   space 9216K, 0% used [0x00000000e5b80000,0x00000000e5b80000,0x00000000e6480000)
 ParOldGen       total 86016K, used 7025K [0x0000000080000000, 0x0000000085400000, 0x00000000d5580000)
  object space 86016K, 8% used [0x0000000080000000,0x00000000806dc7b0,0x0000000085400000)
 Metaspace       used 20888K, capacity 21136K, committed 21296K, reserved 1069056K
  class space    used 2315K, capacity 2425K, committed 2432K, reserved 1048576K
}
Event: 8.792 GC heap before
{Heap before GC invocations=8 (full 1):
 PSYoungGen      total 139264K, used 4556K [0x00000000d5580000, 0x00000000e6480000, 0x0000000100000000)
  eden space 129536K, 0% used [0x00000000d5580000,0x00000000d5580000,0x00000000dd400000)
  from space 9728K, 46% used [0x00000000dd400000,0x00000000dd873118,0x00000000ddd80000)
  to   space 9216K, 0% used [0x00000000e5b80000,0x00000000e5b80000,0x00000000e6480000)
 ParOldGen       total 86016K, used 7025K [0x0000000080000000, 0x0000000085400000, 0x00000000d5580000)
  object space 86016K, 8% used [0x0000000080000000,0x00000000806dc7b0,0x0000000085400000)
 Metaspace       used 20888K, capacity 21136K, committed 21296K, reserved 1069056K
  class space    used 2315K, capacity 2425K, committed 2432K, reserved 1048576K
Event: 8.854 GC heap after
Heap after GC invocations=8 (full 1):
 PSYoungGen      total 139264K, used 0K [0x00000000d5580000, 0x00000000e6480000, 0x0000000100000000)
  eden space 129536K, 0% used [0x00000000d5580000,0x00000000d5580000,0x00000000dd400000)
  from space 9728K, 0% used [0x00000000dd400000,0x00000000dd400000,0x00000000ddd80000)
  to   space 9216K, 0% used [0x00000000e5b80000,0x00000000e5b80000,0x00000000e6480000)
 ParOldGen       total 50688K, used 8712K [0x0000000080000000, 0x0000000083180000, 0x00000000d5580000)
  object space 50688K, 17% used [0x0000000080000000,0x0000000080882030,0x0000000083180000)
 Metaspace       used 20888K, capacity 21136K, committed 21296K, reserved 1069056K
  class space    used 2315K, capacity 2425K, committed 2432K, reserved 1048576K
}
Event: 11.261 GC heap before
{Heap before GC invocations=9 (full 1):
 PSYoungGen      total 139264K, used 129536K [0x00000000d5580000, 0x00000000e6480000, 0x0000000100000000)
  eden space 129536K, 100% used [0x00000000d5580000,0x00000000dd400000,0x00000000dd400000)
  from space 9728K, 0% used [0x00000000dd400000,0x00000000dd400000,0x00000000ddd80000)
  to   space 9216K, 0% used [0x00000000e5b80000,0x00000000e5b80000,0x00000000e6480000)
 ParOldGen       total 50688K, used 8712K [0x0000000080000000, 0x0000000083180000, 0x00000000d5580000)
  object space 50688K, 17% used [0x0000000080000000,0x0000000080882030,0x0000000083180000)
 Metaspace       used 22418K, capacity 22714K, committed 23088K, reserved 1069056K
  class space    used 2460K, capacity 2581K, committed 2688K, reserved 1048576K
Event: 11.278 GC heap after
Heap after GC invocations=9 (full 1):
 PSYoungGen      total 238080K, used 3315K [0x00000000d5580000, 0x00000000e5f00000, 0x0000000100000000)
  eden space 234496K, 0% used [0x00000000d5580000,0x00000000d5580000,0x00000000e3a80000)
  from space 3584K, 92% used [0x00000000e5b80000,0x00000000e5ebcf80,0x00000000e5f00000)
  to   space 9728K, 0% used [0x00000000e4c00000,0x00000000e4c00000,0x00000000e5580000)
 ParOldGen       total 50688K, used 8720K [0x0000000080000000, 0x0000000083180000, 0x00000000d5580000)
  object space 50688K, 17% used [0x0000000080000000,0x0000000080884030,0x0000000083180000)
 Metaspace       used 22418K, capacity 22714K, committed 23088K, reserved 1069056K
  class space    used 2460K, capacity 2581K, committed 2688K, reserved 1048576K
}

